<?xml version="1.0" encoding="UTF-8"?>
<!-- Generated by org.testng.reporters.JUnitXMLReporter -->
<testsuite ignored="1" hostname="DESKTOP-F9NKDCC" failures="1" tests="2" name="OrangeHRMTest(failed)" time="15.181" errors="0" timestamp="2026-06-04T19:04:49 EAT">
  <testcase classname="com.OrangeHRM.test.LoginPageTest" name="invalidLoginTest" time="1.905"/>
  <testcase classname="com.OrangeHRM.test.LoginPageTest" name="invalidLoginTest" time="14.663">
    <failure type="org.testng.internal.reflect.MethodMatcherException" message="
[public void com.OrangeHRM.test.LoginPageTest.invalidLoginTest(java.lang.String,java.lang.String)] has no parameters defined but was found to be using a data provider (either explicitly specified or inherited from class level annotation).
Data provider mismatch
Method: invalidLoginTest([java.lang.String arg0, java.lang.String arg1])
Arguments: [(java.lang.String) invalidLoginData]">
      <![CDATA[org.testng.internal.reflect.MethodMatcherException: 
[public void com.OrangeHRM.test.LoginPageTest.invalidLoginTest(java.lang.String,java.lang.String)] has no parameters defined but was found to be using a data provider (either explicitly specified or inherited from class level annotation).
Data provider mismatch
Method: invalidLoginTest([java.lang.String arg0, java.lang.String arg1])
Arguments: [(java.lang.String) invalidLoginData]
at java.base/java.util.concurrent.Executors$RunnableAdapter.call(Executors.java:572)
at java.base/java.util.concurrent.FutureTask.run(FutureTask.java:317)
at java.base/java.util.concurrent.ThreadPoolExecutor.runWorker(ThreadPoolExecutor.java:1144)
at java.base/java.util.concurrent.ThreadPoolExecutor$Worker.run(ThreadPoolExecutor.java:642)
at java.base/java.lang.Thread.run(Thread.java:1583)
... Removed 8 stack frames]]>
    </failure>
  </testcase> <!-- invalidLoginTest -->
  <testcase classname="com.OrangeHRM.test.LoginPageTest" name="verifyValidLoginTest" time="0.0">
    <ignored/>
  </testcase> <!-- verifyValidLoginTest -->
</testsuite> <!-- OrangeHRMTest(failed) -->
