<?xml version="1.0" encoding="UTF-8"?>
<!-- Generated by org.testng.reporters.JUnitXMLReporter -->
<testsuite ignored="0" hostname="DESKTOP-F9NKDCC" failures="0" tests="3" name="Default test" time="157.303" errors="0" timestamp="2026-07-17T06:04:53 EAT">
  <testcase classname="com.OrangeHRM.test.AddEmployeeTest" name="verifyAddEmployeeWithLoginDetails" time="25.446"/>
  <testcase classname="com.OrangeHRM.test.AddEmployeeTest" name="verifyAddEmployeeWithoutLoginDetails" time="24.836"/>
  <testcase classname="com.OrangeHRM.test.AddEmployeeTest" name="verifyUserNameAlreadyExists" time="24.605"/>
</testsuite> <!-- Default test -->
