<?xml version="1.0" encoding="UTF-8"?>
<!-- Generated by org.testng.reporters.JUnitXMLReporter -->
<testsuite ignored="0" hostname="DESKTOP-F9NKDCC" failures="2" tests="2" name="AdminClaimsAssignment" time="61.06" errors="0" timestamp="2026-07-09T16:15:14 EAT">
  <testcase classname="com.OrangeHRM.test.ClaimsAssignmentTest" name="verifyAdminCanAssignEmployeeClaim" time="22.936">
    <failure type="org.openqa.selenium.TimeoutException" message="Expected condition failed: waiting for element to be clickable: By.xpath: (//button[normalize-space()=&amp;apos;+ Add&amp;apos;])[1] (tried for 10 second(s) with 500 milliseconds interval)
Build info: version: &amp;apos;4.33.0&amp;apos;, revision: &amp;apos;2c6aaad03a&amp;apos;
System info: os.name: &amp;apos;Windows 11&amp;apos;, os.arch: &amp;apos;amd64&amp;apos;, os.version: &amp;apos;10.0&amp;apos;, java.version: &amp;apos;21.0.6&amp;apos;
Driver info: org.openqa.selenium.chrome.ChromeDriver
Capabilities {acceptInsecureCerts: false, browserName: chrome, browserVersion: 150.0.7871.101, chrome: {chromedriverVersion: 150.0.7871.115 (25f5b661e5b..., userDataDir: C:\Users\HP\AppData\Local\T...}, fedcm:accounts: true, goog:chromeOptions: {debuggerAddress: localhost:60515}, goog:processID: 18792, networkConnectionEnabled: false, pageLoadStrategy: normal, platformName: windows, proxy: Proxy(), se:cdp: ws://localhost:60515/devtoo..., se:cdpVersion: 150.0.7871.101, setWindowRect: true, strictFileInteractability: false, timeouts: {implicit: 0, pageLoad: 300000, script: 30000}, unhandledPromptBehavior: dismiss and notify, webauthn:extension:credBlob: true, webauthn:extension:largeBlob: true, webauthn:extension:minPinLength: true, webauthn:extension:prf: true, webauthn:virtualAuthenticators: true}
Session ID: f6413c1c538dbd20d405a0a0a0582856">
      <![CDATA[org.openqa.selenium.TimeoutException: Expected condition failed: waiting for element to be clickable: By.xpath: (//button[normalize-space()='+ Add'])[1] (tried for 10 second(s) with 500 milliseconds interval)
Build info: version: '4.33.0', revision: '2c6aaad03a'
System info: os.name: 'Windows 11', os.arch: 'amd64', os.version: '10.0', java.version: '21.0.6'
Driver info: org.openqa.selenium.chrome.ChromeDriver
Capabilities {acceptInsecureCerts: false, browserName: chrome, browserVersion: 150.0.7871.101, chrome: {chromedriverVersion: 150.0.7871.115 (25f5b661e5b..., userDataDir: C:\Users\HP\AppData\Local\T...}, fedcm:accounts: true, goog:chromeOptions: {debuggerAddress: localhost:60515}, goog:processID: 18792, networkConnectionEnabled: false, pageLoadStrategy: normal, platformName: windows, proxy: Proxy(), se:cdp: ws://localhost:60515/devtoo..., se:cdpVersion: 150.0.7871.101, setWindowRect: true, strictFileInteractability: false, timeouts: {implicit: 0, pageLoad: 300000, script: 30000}, unhandledPromptBehavior: dismiss and notify, webauthn:extension:credBlob: true, webauthn:extension:largeBlob: true, webauthn:extension:minPinLength: true, webauthn:extension:prf: true, webauthn:virtualAuthenticators: true}
Session ID: f6413c1c538dbd20d405a0a0a0582856
at org.openqa.selenium.support.ui.WebDriverWait.timeoutException(WebDriverWait.java:84)
at org.openqa.selenium.support.ui.FluentWait.until(FluentWait.java:228)
at com.OrangeHRM.pages.ClaimsAssignmentPage.clickAddExpense(ClaimsAssignmentPage.java:106)
at com.OrangeHRM.pages.ClaimsAssignmentPage.assignClaimForEmployee(ClaimsAssignmentPage.java:210)
at com.OrangeHRM.test.ClaimsAssignmentTest.verifyAdminCanAssignEmployeeClaim(ClaimsAssignmentTest.java:40)
at java.base/java.util.ArrayList.forEach(ArrayList.java:1596)
... Removed 25 stack frames]]>
    </failure>
  </testcase> <!-- verifyAdminCanAssignEmployeeClaim -->
  <testcase classname="com.OrangeHRM.test.ClaimsAssignmentTest" name="verifyNoClaimFoundForNonExistentEmployee" time="23.67">
    <failure type="java.lang.AssertionError" message="Expected &amp;apos;No Records Found&amp;apos; for non-existent employee expected [true] but found [false]">
      <![CDATA[java.lang.AssertionError: Expected 'No Records Found' for non-existent employee expected [true] but found [false]
at com.OrangeHRM.test.ClaimsAssignmentTest.verifyNoClaimFoundForNonExistentEmployee(ClaimsAssignmentTest.java:68)
at java.base/java.util.ArrayList.forEach(ArrayList.java:1596)
... Removed 28 stack frames]]>
    </failure>
  </testcase> <!-- verifyNoClaimFoundForNonExistentEmployee -->
</testsuite> <!-- AdminClaimsAssignment -->
