<?xml version="1.0" encoding="UTF-8"?>
<!-- Generated by org.testng.reporters.JUnitXMLReporter -->
<testsuite ignored="1" hostname="DESKTOP-F9NKDCC" failures="0" tests="6" name="ChromeTest" time="67.187" errors="0" timestamp="2026-06-25T16:05:46 EAT">
  <testcase classname="com.OrangeHRM.test.LoginPageTest" name="verifyInvalidLoginTest" time="2.099"/>
  <testcase classname="com.OrangeHRM.test.LoginPageTest" name="verifyInvalidLoginTest" time="1.852"/>
  <testcase classname="com.OrangeHRM.test.LoginPageTest" name="verifyValidLoginTest" time="7.357"/>
  <testcase classname="com.OrangeHRM.test.LoginPageTest" name="verifyValidLoginTest" time="6.943"/>
  <testcase classname="com.OrangeHRM.test.HomePageTest" name="verifyOrangeHRMLogo" time="3.694"/>
  <testcase classname="com.OrangeHRM.test.HomePageTest" name="verifyOrangeHRMLogo" time="3.527"/>
  <testcase classname="com.OrangeHRM.base.BaseClass" name="@BeforeSuite loadConfig" time="0.0">
    <ignored/>
  </testcase> <!-- @BeforeSuite loadConfig -->
</testsuite> <!-- ChromeTest -->
