<?xml version="1.0" encoding="UTF-8"?>
<!-- Generated by org.testng.reporters.JUnitXMLReporter -->
<testsuite ignored="1" hostname="DESKTOP-F9NKDCC" failures="0" tests="6" name="CoreTests" time="81.101" errors="0" timestamp="2026-07-09T16:10:41 EAT">
  <testcase classname="com.OrangeHRM.test.LoginPageTest" name="verifyInvalidLoginTest" time="3.35"/>
  <testcase classname="com.OrangeHRM.test.LoginPageTest" name="verifyInvalidLoginTest" time="1.346"/>
  <testcase classname="com.OrangeHRM.test.LoginPageTest" name="verifyValidLoginTest" time="3.287"/>
  <testcase classname="com.OrangeHRM.test.LoginPageTest" name="verifyValidLoginTest" time="3.077"/>
  <testcase classname="com.OrangeHRM.test.HomePageTest" name="verifyDashboardIsDisplayed" time="3.388"/>
  <testcase classname="com.OrangeHRM.test.HomePageTest" name="verifyDashboardIsDisplayed" time="3.057"/>
  <testcase classname="com.OrangeHRM.base.BaseClass" name="@BeforeSuite loadConfig" time="0.0">
    <ignored/>
  </testcase> <!-- @BeforeSuite loadConfig -->
</testsuite> <!-- CoreTests -->
