<?xml version="1.0" encoding="UTF-8"?>
<!-- Generated by org.testng.reporters.JUnitXMLReporter -->
<testsuite ignored="1" hostname="DESKTOP-F9NKDCC" failures="0" tests="7" name="EmployeeSetupAndClaims" time="211.724" errors="0" timestamp="2026-07-09T16:14:13 EAT">
  <testcase classname="com.OrangeHRM.test.AddEmployeeTest" name="verifyAddEmployeeWithLoginDetails" time="26.597"/>
  <testcase classname="com.OrangeHRM.test.AddEmployeeTest" name="verifyAddEmployeeWithoutLoginDetails" time="24.783"/>
  <testcase classname="com.OrangeHRM.test.AddEmployeeTest" name="verifyUserNameAlreadyExists" time="24.368"/>
  <testcase classname="com.OrangeHRM.test.ClaimsTest" name="verifyClaimSubmittedSuccessfully" time="3.957"/>
  <testcase classname="com.OrangeHRM.test.ClaimsTest" name="verifyClaimFailsWithoutSelectingEvent" time="2.946"/>
  <testcase classname="com.OrangeHRM.test.ClaimsTest" name="verifyClaimFailsWithoutSelectingCurrency" time="3.101"/>
  <testcase classname="com.OrangeHRM.test.ClaimsTest" name="verifyClaimFailsWithAllFieldsEmpty" time="2.702"/>
  <testcase classname="com.OrangeHRM.base.BaseClass" name="@BeforeSuite loadConfig" time="0.0">
    <ignored/>
  </testcase> <!-- @BeforeSuite loadConfig -->
</testsuite> <!-- EmployeeSetupAndClaims -->
