<?xml version="1.0" encoding="UTF-8"?>
<!-- Generated by org.testng.reporters.JUnitXMLReporter -->
<testsuite ignored="1" hostname="DESKTOP-F9NKDCC" failures="0" tests="6" name="OrangeHRMTest" time="61.083" errors="0" timestamp="2026-06-27T07:09:22 EAT">
  <testcase classname="com.OrangeHRM.test.LoginPageTest" name="verifyInvalidLoginTest" time="1.566"/>
  <testcase classname="com.OrangeHRM.test.LoginPageTest" name="verifyInvalidLoginTest" time="1.778"/>
  <testcase classname="com.OrangeHRM.test.LoginPageTest" name="verifyValidLoginTest" time="5.5"/>
  <testcase classname="com.OrangeHRM.test.LoginPageTest" name="verifyValidLoginTest" time="7.884"/>
  <testcase classname="com.OrangeHRM.test.HomePageTest" name="verifyDashboardIsDisplayed" time="3.006"/>
  <testcase classname="com.OrangeHRM.test.HomePageTest" name="verifyDashboardIsDisplayed" time="3.189"/>
  <testcase classname="com.OrangeHRM.base.BaseClass" name="@BeforeSuite loadConfig" time="0.0">
    <ignored/>
  </testcase> <!-- @BeforeSuite loadConfig -->
</testsuite> <!-- OrangeHRMTest -->
