<?xml version="1.0" encoding="UTF-8"?>
<!-- Generated by org.testng.reporters.JUnitXMLReporter -->
<testsuite ignored="3" hostname="DESKTOP-F9NKDCC" failures="2" tests="8" name="OrangeHRMTest" time="235.34" errors="0" timestamp="2026-06-16T16:22:29 EAT">
  <testcase classname="com.OrangeHRM.test.DummyClass" name="dummyTest" time="0.05"/>
  <testcase classname="com.OrangeHRM.test.DummyClass2" name="dummyTest" time="0.019"/>
  <testcase classname="com.OrangeHRM.test.LoginPageTest" name="verifyInvalidLoginTest" time="2.924"/>
  <testcase classname="com.OrangeHRM.test.LoginPageTest" name="verifyInvalidLoginTest" time="3.393"/>
  <testcase classname="com.OrangeHRM.test.LoginPageTest" name="verifyValidLoginTest" time="16.928">
    <failure type="java.lang.AssertionError" message="Admin tab should be visible after a successful login expected [true] but found [false]">
      <![CDATA[java.lang.AssertionError: Admin tab should be visible after a successful login expected [true] but found [false]
at com.OrangeHRM.test.LoginPageTest.verifyValidLoginTest(LoginPageTest.java:53)
at java.base/java.util.ArrayList.forEach(ArrayList.java:1596)
at java.base/java.util.concurrent.FutureTask.run(FutureTask.java:317)
at java.base/java.util.concurrent.ThreadPoolExecutor.runWorker(ThreadPoolExecutor.java:1144)
at java.base/java.util.concurrent.ThreadPoolExecutor$Worker.run(ThreadPoolExecutor.java:642)
at java.base/java.lang.Thread.run(Thread.java:1583)
... Removed 18 stack frames]]>
    </failure>
  </testcase> <!-- verifyValidLoginTest -->
  <testcase classname="com.OrangeHRM.test.LoginPageTest" name="verifyValidLoginTest" time="17.788">
    <failure type="java.lang.AssertionError" message="Admin tab should be visible after a successful login expected [true] but found [false]">
      <![CDATA[java.lang.AssertionError: Admin tab should be visible after a successful login expected [true] but found [false]
at com.OrangeHRM.test.LoginPageTest.verifyValidLoginTest(LoginPageTest.java:53)
at java.base/java.util.ArrayList.forEach(ArrayList.java:1596)
at java.base/java.util.concurrent.FutureTask.run(FutureTask.java:317)
at java.base/java.util.concurrent.ThreadPoolExecutor.runWorker(ThreadPoolExecutor.java:1144)
at java.base/java.util.concurrent.ThreadPoolExecutor$Worker.run(ThreadPoolExecutor.java:642)
at java.base/java.lang.Thread.run(Thread.java:1583)
... Removed 18 stack frames]]>
    </failure>
  </testcase> <!-- verifyValidLoginTest -->
  <testcase classname="com.OrangeHRM.test.HomePageTest" name="verifyOrangeHRMLogo" time="4.371"/>
  <testcase classname="com.OrangeHRM.test.HomePageTest" name="verifyOrangeHRMLogo" time="4.74"/>
  <testcase classname="com.OrangeHRM.base.BaseClass" name="@BeforeSuite loadConfig" time="0.0">
    <ignored/>
  </testcase> <!-- @BeforeSuite loadConfig -->
  <testcase classname="com.OrangeHRM.base.BaseClass" name="@BeforeSuite loadConfig" time="0.0">
    <ignored/>
  </testcase> <!-- @BeforeSuite loadConfig -->
  <testcase classname="com.OrangeHRM.base.BaseClass" name="@BeforeSuite loadConfig" time="0.0">
    <ignored/>
  </testcase> <!-- @BeforeSuite loadConfig -->
</testsuite> <!-- OrangeHRMTest -->
