<?xml version="1.0" encoding="UTF-8"?>
<!-- Generated by org.testng.reporters.JUnitXMLReporter -->
<testsuite ignored="1" hostname="DESKTOP-F9NKDCC" failures="0" tests="2" name="OrangeHRMTest1" time="99.89" errors="0" timestamp="2026-05-15T17:57:48 EAT">
  <testcase classname="com.OrangeHRM.test.DummyClass" name="dummyTest" time="0.031"/>
  <testcase classname="com.OrangeHRM.test.DummyClass2" name="dummyTest" time="0.016"/>
  <testcase classname="com.OrangeHRM.base.BaseClass" name="@BeforeSuite loadConfig" time="0.0">
    <ignored/>
  </testcase> <!-- @BeforeSuite loadConfig -->
</testsuite> <!-- OrangeHRMTest1 -->
