<?xml version="1.0" encoding="UTF-8"?>
<!-- Generated by org.testng.reporters.JUnitXMLReporter -->
<testsuite ignored="3" hostname="DESKTOP-F9NKDCC" failures="1" tests="13" name="Regression Tests" time="270.933" errors="0" timestamp="2026-07-07T18:13:21 EAT">
  <testcase classname="com.OrangeHRM.test.LoginPageTest" name="verifyInvalidLoginTest" time="4.047"/>
  <testcase classname="com.OrangeHRM.test.LoginPageTest" name="verifyInvalidLoginTest" time="2.786"/>
  <testcase classname="com.OrangeHRM.test.LoginPageTest" name="verifyValidLoginTest" time="3.991"/>
  <testcase classname="com.OrangeHRM.test.LoginPageTest" name="verifyValidLoginTest" time="3.704"/>
  <testcase classname="com.OrangeHRM.test.HomePageTest" name="verifyDashboardIsDisplayed" time="6.589"/>
  <testcase classname="com.OrangeHRM.test.HomePageTest" name="verifyDashboardIsDisplayed" time="3.572"/>
  <testcase classname="com.OrangeHRM.test.AddEmployeeTest" name="verifyAddEmployeeWithLoginDetails" time="44.404">
    <failure type="java.lang.AssertionError" message="Employee addition failed; Eliana Nakyeyune expected [true] but found [false]">
      <![CDATA[java.lang.AssertionError: Employee addition failed; Eliana Nakyeyune expected [true] but found [false]
at com.OrangeHRM.test.AddEmployeeTest.verifyAddEmployeeWithLoginDetails(AddEmployeeTest.java:67)
at java.base/java.util.ArrayList.forEach(ArrayList.java:1596)
... Removed 28 stack frames]]>
    </failure>
  </testcase> <!-- verifyAddEmployeeWithLoginDetails -->
  <testcase classname="com.OrangeHRM.test.AddEmployeeTest" name="verifyAddEmployeeWithoutLoginDetails" time="25.232"/>
  <testcase classname="com.OrangeHRM.test.AddEmployeeTest" name="verifyUserNameAlreadyExists" time="4.025"/>
  <testcase classname="com.OrangeHRM.test.ClaimsTest" name="verifyClaimSubmittedSuccessfully" time="4.52"/>
  <testcase classname="com.OrangeHRM.test.ClaimsTest" name="verifyClaimFailsWithoutSelectingEvent" time="3.696"/>
  <testcase classname="com.OrangeHRM.test.ClaimsTest" name="verifyClaimFailsWithoutSelectingCurrency" time="4.146"/>
  <testcase classname="com.OrangeHRM.test.ClaimsTest" name="verifyClaimFailsWithAllFieldsEmpty" time="2.942"/>
  <testcase classname="com.OrangeHRM.base.BaseClass" name="@BeforeSuite loadConfig" time="0.0">
    <ignored/>
  </testcase> <!-- @BeforeSuite loadConfig -->
  <testcase classname="com.OrangeHRM.base.BaseClass" name="@BeforeSuite loadConfig" time="0.0">
    <ignored/>
  </testcase> <!-- @BeforeSuite loadConfig -->
  <testcase classname="com.OrangeHRM.base.BaseClass" name="@BeforeSuite loadConfig" time="0.0">
    <ignored/>
  </testcase> <!-- @BeforeSuite loadConfig -->
</testsuite> <!-- Regression Tests -->
