<?xml version="1.0" encoding="UTF-8"?>
<!-- Generated by org.testng.reporters.JUnitXMLReporter -->
<testsuite ignored="4" hostname="DESKTOP-F9NKDCC" failures="0" tests="12" name="Regression Tests" time="351.054" errors="0" timestamp="2026-07-16T17:34:15 EAT">
  <testcase classname="com.OrangeHRM.test.LoginPageTest" name="verifyInvalidLoginTest" time="2.405"/>
  <testcase classname="com.OrangeHRM.test.LoginPageTest" name="verifyValidLoginTest" time="10.365"/>
  <testcase classname="com.OrangeHRM.test.HomePageTest" name="verifyDashboardIsDisplayed" time="9.713"/>
  <testcase classname="com.OrangeHRM.test.AddEmployeeTest" name="verifyAddEmployeeWithLoginDetails" time="26.465"/>
  <testcase classname="com.OrangeHRM.test.AddEmployeeTest" name="verifyAddEmployeeWithoutLoginDetails" time="25.397"/>
  <testcase classname="com.OrangeHRM.test.AddEmployeeTest" name="verifyUserNameAlreadyExists" time="24.961"/>
  <testcase classname="com.OrangeHRM.test.ClaimsTest" name="verifyClaimSubmittedSuccessfully" time="4.402"/>
  <testcase classname="com.OrangeHRM.test.ClaimsTest" name="verifyClaimFailsWithoutSelectingEvent" time="5.513"/>
  <testcase classname="com.OrangeHRM.test.ClaimsTest" name="verifyClaimFailsWithoutSelectingCurrency" time="5.732"/>
  <testcase classname="com.OrangeHRM.test.ClaimsTest" name="verifyClaimFailsWithAllFieldsEmpty" time="2.943"/>
  <testcase classname="com.OrangeHRM.test.ClaimsAssignmentTest" name="verifyAdminCanAssignEmployeeClaim" time="57.739"/>
  <testcase classname="com.OrangeHRM.test.ClaimsAssignmentTest" name="verifyNoMatchForNonExistentEmployee" time="2.1"/>
  <testcase classname="com.OrangeHRM.base.BaseClass" name="@BeforeSuite loadConfig" time="0.0">
    <ignored/>
  </testcase> <!-- @BeforeSuite loadConfig -->
  <testcase classname="com.OrangeHRM.base.BaseClass" name="@BeforeSuite loadConfig" time="0.0">
    <ignored/>
  </testcase> <!-- @BeforeSuite loadConfig -->
  <testcase classname="com.OrangeHRM.base.BaseClass" name="@BeforeSuite loadConfig" time="0.0">
    <ignored/>
  </testcase> <!-- @BeforeSuite loadConfig -->
  <testcase classname="com.OrangeHRM.base.BaseClass" name="@BeforeSuite loadConfig" time="0.0">
    <ignored/>
  </testcase> <!-- @BeforeSuite loadConfig -->
</testsuite> <!-- Regression Tests -->
