<?xml version="1.0" encoding="UTF-8"?>
<testng-results ignored="0" total="8" passed="6" failed="2" skipped="0">
  <reporter-output>
  </reporter-output>
  <suite started-at="2026-06-16T16:18:33 EAT" name="OrangeHRMSuite" finished-at="2026-06-16T16:22:28 EAT" duration-ms="235340">
    <groups>
    </groups>
    <test started-at="2026-06-16T16:18:33 EAT" name="OrangeHRMTest" finished-at="2026-06-16T16:22:28 EAT" duration-ms="235340">
      <class name="com.OrangeHRM.test.DummyClass2">
        <test-method is-config="true" signature="setup()[pri:0, instance:com.OrangeHRM.test.DummyClass2@6913c1fb]" started-at="2026-06-16T16:18:53 EAT" name="setup" finished-at="2026-06-16T16:19:17 EAT" duration-ms="24131" status="PASS">
          <reporter-output>
          </reporter-output>
        </test-method> <!-- setup -->
        <test-method signature="dummyTest()[pri:0, instance:com.OrangeHRM.test.DummyClass2@6913c1fb]" started-at="2026-06-16T16:19:17 EAT" name="dummyTest" finished-at="2026-06-16T16:19:17 EAT" duration-ms="19" status="PASS">
          <reporter-output>
          </reporter-output>
        </test-method> <!-- dummyTest -->
        <test-method is-config="true" signature="tearDown()[pri:0, instance:com.OrangeHRM.test.DummyClass2@6913c1fb]" started-at="2026-06-16T16:19:17 EAT" name="tearDown" finished-at="2026-06-16T16:19:18 EAT" duration-ms="241" status="PASS">
          <reporter-output>
          </reporter-output>
        </test-method> <!-- tearDown -->
      </class> <!-- com.OrangeHRM.test.DummyClass2 -->
      <class name="com.OrangeHRM.test.HomePageTest">
        <test-method is-config="true" signature="setup()[pri:0, instance:com.OrangeHRM.test.HomePageTest@1f59a598]" started-at="2026-06-16T16:21:35 EAT" name="setup" finished-at="2026-06-16T16:21:56 EAT" duration-ms="21122" status="PASS">
          <reporter-output>
          </reporter-output>
        </test-method> <!-- setup -->
        <test-method is-config="true" signature="setupPages()[pri:0, instance:com.OrangeHRM.test.HomePageTest@1f59a598]" started-at="2026-06-16T16:21:56 EAT" name="setupPages" finished-at="2026-06-16T16:21:56 EAT" duration-ms="3" status="PASS">
          <reporter-output>
          </reporter-output>
        </test-method> <!-- setupPages -->
        <test-method signature="verifyOrangeHRMLogo(java.lang.String,java.lang.String)[pri:0, instance:com.OrangeHRM.test.HomePageTest@1f59a598]" started-at="2026-06-16T16:21:56 EAT" name="verifyOrangeHRMLogo" data-provider="validLoginData" finished-at="2026-06-16T16:22:01 EAT" duration-ms="4371" status="PASS">
          <params>
            <param index="0">
              <value>
                <![CDATA[Admin]]>
              </value>
            </param>
            <param index="1">
              <value>
                <![CDATA[admin123]]>
              </value>
            </param>
          </params>
          <reporter-output>
          </reporter-output>
        </test-method> <!-- verifyOrangeHRMLogo -->
        <test-method is-config="true" signature="tearDown()[pri:0, instance:com.OrangeHRM.test.HomePageTest@1f59a598]" started-at="2026-06-16T16:22:01 EAT" name="tearDown" finished-at="2026-06-16T16:22:01 EAT" duration-ms="221" status="PASS">
          <reporter-output>
          </reporter-output>
        </test-method> <!-- tearDown -->
        <test-method is-config="true" signature="setup()[pri:0, instance:com.OrangeHRM.test.HomePageTest@1f59a598]" started-at="2026-06-16T16:22:01 EAT" name="setup" finished-at="2026-06-16T16:22:22 EAT" duration-ms="20676" status="PASS">
          <reporter-output>
          </reporter-output>
        </test-method> <!-- setup -->
        <test-method is-config="true" signature="setupPages()[pri:0, instance:com.OrangeHRM.test.HomePageTest@1f59a598]" started-at="2026-06-16T16:22:22 EAT" name="setupPages" finished-at="2026-06-16T16:22:22 EAT" duration-ms="2" status="PASS">
          <reporter-output>
          </reporter-output>
        </test-method> <!-- setupPages -->
        <test-method signature="verifyOrangeHRMLogo(java.lang.String,java.lang.String)[pri:0, instance:com.OrangeHRM.test.HomePageTest@1f59a598]" started-at="2026-06-16T16:22:22 EAT" name="verifyOrangeHRMLogo" data-provider="validLoginData" finished-at="2026-06-16T16:22:26 EAT" duration-ms="4740" status="PASS">
          <params>
            <param index="0">
              <value>
                <![CDATA[Admin]]>
              </value>
            </param>
            <param index="1">
              <value>
                <![CDATA[admin123]]>
              </value>
            </param>
          </params>
          <reporter-output>
          </reporter-output>
        </test-method> <!-- verifyOrangeHRMLogo -->
        <test-method is-config="true" signature="tearDown()[pri:0, instance:com.OrangeHRM.test.HomePageTest@1f59a598]" started-at="2026-06-16T16:22:26 EAT" name="tearDown" finished-at="2026-06-16T16:22:28 EAT" duration-ms="1869" status="PASS">
          <reporter-output>
          </reporter-output>
        </test-method> <!-- tearDown -->
      </class> <!-- com.OrangeHRM.test.HomePageTest -->
      <class name="com.OrangeHRM.test.LoginPageTest">
        <test-method is-config="true" signature="setup()[pri:0, instance:com.OrangeHRM.test.LoginPageTest@66d18979]" started-at="2026-06-16T16:19:18 EAT" name="setup" finished-at="2026-06-16T16:19:47 EAT" duration-ms="28198" status="PASS">
          <reporter-output>
          </reporter-output>
        </test-method> <!-- setup -->
        <test-method is-config="true" signature="setupPages()[pri:0, instance:com.OrangeHRM.test.LoginPageTest@66d18979]" started-at="2026-06-16T16:19:47 EAT" name="setupPages" finished-at="2026-06-16T16:19:47 EAT" duration-ms="40" status="PASS">
          <reporter-output>
          </reporter-output>
        </test-method> <!-- setupPages -->
        <test-method signature="verifyInvalidLoginTest(java.lang.String,java.lang.String)[pri:0, instance:com.OrangeHRM.test.LoginPageTest@66d18979]" started-at="2026-06-16T16:19:47 EAT" name="verifyInvalidLoginTest" data-provider="invalidLoginData" finished-at="2026-06-16T16:19:50 EAT" duration-ms="2924" status="PASS">
          <params>
            <param index="0">
              <value>
                <![CDATA[wrong User]]>
              </value>
            </param>
            <param index="1">
              <value>
                <![CDATA[wrongPas]]>
              </value>
            </param>
          </params>
          <reporter-output>
          </reporter-output>
        </test-method> <!-- verifyInvalidLoginTest -->
        <test-method is-config="true" signature="tearDown()[pri:0, instance:com.OrangeHRM.test.LoginPageTest@66d18979]" started-at="2026-06-16T16:19:50 EAT" name="tearDown" finished-at="2026-06-16T16:19:50 EAT" duration-ms="223" status="PASS">
          <reporter-output>
          </reporter-output>
        </test-method> <!-- tearDown -->
        <test-method is-config="true" signature="setup()[pri:0, instance:com.OrangeHRM.test.LoginPageTest@66d18979]" started-at="2026-06-16T16:19:50 EAT" name="setup" finished-at="2026-06-16T16:20:13 EAT" duration-ms="22702" status="PASS">
          <reporter-output>
          </reporter-output>
        </test-method> <!-- setup -->
        <test-method is-config="true" signature="setupPages()[pri:0, instance:com.OrangeHRM.test.LoginPageTest@66d18979]" started-at="2026-06-16T16:20:13 EAT" name="setupPages" finished-at="2026-06-16T16:20:13 EAT" duration-ms="2" status="PASS">
          <reporter-output>
          </reporter-output>
        </test-method> <!-- setupPages -->
        <test-method signature="verifyInvalidLoginTest(java.lang.String,java.lang.String)[pri:0, instance:com.OrangeHRM.test.LoginPageTest@66d18979]" started-at="2026-06-16T16:20:13 EAT" name="verifyInvalidLoginTest" data-provider="invalidLoginData" finished-at="2026-06-16T16:20:16 EAT" duration-ms="3393" status="PASS">
          <params>
            <param index="0">
              <value>
                <![CDATA[wronguse]]>
              </value>
            </param>
            <param index="1">
              <value>
                <![CDATA[wrong pasi]]>
              </value>
            </param>
          </params>
          <reporter-output>
          </reporter-output>
        </test-method> <!-- verifyInvalidLoginTest -->
        <test-method is-config="true" signature="tearDown()[pri:0, instance:com.OrangeHRM.test.LoginPageTest@66d18979]" started-at="2026-06-16T16:20:16 EAT" name="tearDown" finished-at="2026-06-16T16:20:16 EAT" duration-ms="313" status="PASS">
          <reporter-output>
          </reporter-output>
        </test-method> <!-- tearDown -->
        <test-method is-config="true" signature="setup()[pri:0, instance:com.OrangeHRM.test.LoginPageTest@66d18979]" started-at="2026-06-16T16:20:16 EAT" name="setup" finished-at="2026-06-16T16:20:38 EAT" duration-ms="21313" status="PASS">
          <reporter-output>
          </reporter-output>
        </test-method> <!-- setup -->
        <test-method is-config="true" signature="setupPages()[pri:0, instance:com.OrangeHRM.test.LoginPageTest@66d18979]" started-at="2026-06-16T16:20:38 EAT" name="setupPages" finished-at="2026-06-16T16:20:38 EAT" duration-ms="1" status="PASS">
          <reporter-output>
          </reporter-output>
        </test-method> <!-- setupPages -->
        <test-method signature="verifyValidLoginTest(java.lang.String,java.lang.String)[pri:0, instance:com.OrangeHRM.test.LoginPageTest@66d18979]" started-at="2026-06-16T16:20:38 EAT" name="verifyValidLoginTest" data-provider="validLoginData" finished-at="2026-06-16T16:20:55 EAT" duration-ms="16928" status="FAIL">
          <params>
            <param index="0">
              <value>
                <![CDATA[Admin]]>
              </value>
            </param>
            <param index="1">
              <value>
                <![CDATA[admin123]]>
              </value>
            </param>
          </params>
          <exception class="java.lang.AssertionError">
            <message>
              <![CDATA[Admin tab should be visible after a successful login expected [true] but found [false]]]>
            </message>
            <full-stacktrace>
              <![CDATA[java.lang.AssertionError: Admin tab should be visible after a successful login expected [true] but found [false]
at org.testng.Assert.fail(Assert.java:111)
at org.testng.Assert.failNotEquals(Assert.java:1590)
at org.testng.Assert.assertTrue(Assert.java:57)
at com.OrangeHRM.test.LoginPageTest.verifyValidLoginTest(LoginPageTest.java:53)
at java.base/jdk.internal.reflect.DirectMethodHandleAccessor.invoke(DirectMethodHandleAccessor.java:103)
at java.base/java.lang.reflect.Method.invoke(Method.java:580)
at org.testng.internal.invokers.MethodInvocationHelper.invokeMethod(MethodInvocationHelper.java:141)
at org.testng.internal.invokers.TestInvoker.invokeMethod(TestInvoker.java:687)
at org.testng.internal.invokers.TestInvoker.invokeTestMethod(TestInvoker.java:230)
at org.testng.internal.invokers.MethodRunner.runInSequence(MethodRunner.java:63)
at org.testng.internal.invokers.TestInvoker$MethodInvocationAgent.invoke(TestInvoker.java:995)
at org.testng.internal.invokers.TestInvoker.invokeTestMethods(TestInvoker.java:203)
at org.testng.internal.invokers.TestMethodWorker.invokeTestMethods(TestMethodWorker.java:154)
at org.testng.internal.invokers.TestMethodWorker.run(TestMethodWorker.java:134)
at java.base/java.util.ArrayList.forEach(ArrayList.java:1596)
at org.testng.TestRunner.privateRun(TestRunner.java:741)
at org.testng.TestRunner.run(TestRunner.java:616)
at org.testng.SuiteRunner.runTest(SuiteRunner.java:421)
at org.testng.SuiteRunner$SuiteWorker.run(SuiteRunner.java:463)
at org.testng.internal.thread.ThreadUtil.lambda$execute$0(ThreadUtil.java:64)
at java.base/java.util.concurrent.FutureTask.run(FutureTask.java:317)
at java.base/java.util.concurrent.ThreadPoolExecutor.runWorker(ThreadPoolExecutor.java:1144)
at java.base/java.util.concurrent.ThreadPoolExecutor$Worker.run(ThreadPoolExecutor.java:642)
at java.base/java.lang.Thread.run(Thread.java:1583)
]]>
            </full-stacktrace>
          </exception> <!-- java.lang.AssertionError -->
          <reporter-output>
          </reporter-output>
        </test-method> <!-- verifyValidLoginTest -->
        <test-method is-config="true" signature="tearDown()[pri:0, instance:com.OrangeHRM.test.LoginPageTest@66d18979]" started-at="2026-06-16T16:20:55 EAT" name="tearDown" finished-at="2026-06-16T16:20:55 EAT" duration-ms="351" status="PASS">
          <reporter-output>
          </reporter-output>
        </test-method> <!-- tearDown -->
        <test-method is-config="true" signature="setup()[pri:0, instance:com.OrangeHRM.test.LoginPageTest@66d18979]" started-at="2026-06-16T16:20:55 EAT" name="setup" finished-at="2026-06-16T16:21:17 EAT" duration-ms="22093" status="PASS">
          <reporter-output>
          </reporter-output>
        </test-method> <!-- setup -->
        <test-method is-config="true" signature="setupPages()[pri:0, instance:com.OrangeHRM.test.LoginPageTest@66d18979]" started-at="2026-06-16T16:21:17 EAT" name="setupPages" finished-at="2026-06-16T16:21:17 EAT" duration-ms="0" status="PASS">
          <reporter-output>
          </reporter-output>
        </test-method> <!-- setupPages -->
        <test-method signature="verifyValidLoginTest(java.lang.String,java.lang.String)[pri:0, instance:com.OrangeHRM.test.LoginPageTest@66d18979]" started-at="2026-06-16T16:21:17 EAT" name="verifyValidLoginTest" data-provider="validLoginData" finished-at="2026-06-16T16:21:35 EAT" duration-ms="17788" status="FAIL">
          <params>
            <param index="0">
              <value>
                <![CDATA[Admin]]>
              </value>
            </param>
            <param index="1">
              <value>
                <![CDATA[admin123]]>
              </value>
            </param>
          </params>
          <exception class="java.lang.AssertionError">
            <message>
              <![CDATA[Admin tab should be visible after a successful login expected [true] but found [false]]]>
            </message>
            <full-stacktrace>
              <![CDATA[java.lang.AssertionError: Admin tab should be visible after a successful login expected [true] but found [false]
at org.testng.Assert.fail(Assert.java:111)
at org.testng.Assert.failNotEquals(Assert.java:1590)
at org.testng.Assert.assertTrue(Assert.java:57)
at com.OrangeHRM.test.LoginPageTest.verifyValidLoginTest(LoginPageTest.java:53)
at java.base/jdk.internal.reflect.DirectMethodHandleAccessor.invoke(DirectMethodHandleAccessor.java:103)
at java.base/java.lang.reflect.Method.invoke(Method.java:580)
at org.testng.internal.invokers.MethodInvocationHelper.invokeMethod(MethodInvocationHelper.java:141)
at org.testng.internal.invokers.TestInvoker.invokeMethod(TestInvoker.java:687)
at org.testng.internal.invokers.TestInvoker.invokeTestMethod(TestInvoker.java:230)
at org.testng.internal.invokers.MethodRunner.runInSequence(MethodRunner.java:63)
at org.testng.internal.invokers.TestInvoker$MethodInvocationAgent.invoke(TestInvoker.java:995)
at org.testng.internal.invokers.TestInvoker.invokeTestMethods(TestInvoker.java:203)
at org.testng.internal.invokers.TestMethodWorker.invokeTestMethods(TestMethodWorker.java:154)
at org.testng.internal.invokers.TestMethodWorker.run(TestMethodWorker.java:134)
at java.base/java.util.ArrayList.forEach(ArrayList.java:1596)
at org.testng.TestRunner.privateRun(TestRunner.java:741)
at org.testng.TestRunner.run(TestRunner.java:616)
at org.testng.SuiteRunner.runTest(SuiteRunner.java:421)
at org.testng.SuiteRunner$SuiteWorker.run(SuiteRunner.java:463)
at org.testng.internal.thread.ThreadUtil.lambda$execute$0(ThreadUtil.java:64)
at java.base/java.util.concurrent.FutureTask.run(FutureTask.java:317)
at java.base/java.util.concurrent.ThreadPoolExecutor.runWorker(ThreadPoolExecutor.java:1144)
at java.base/java.util.concurrent.ThreadPoolExecutor$Worker.run(ThreadPoolExecutor.java:642)
at java.base/java.lang.Thread.run(Thread.java:1583)
]]>
            </full-stacktrace>
          </exception> <!-- java.lang.AssertionError -->
          <reporter-output>
          </reporter-output>
        </test-method> <!-- verifyValidLoginTest -->
        <test-method is-config="true" signature="tearDown()[pri:0, instance:com.OrangeHRM.test.LoginPageTest@66d18979]" started-at="2026-06-16T16:21:35 EAT" name="tearDown" finished-at="2026-06-16T16:21:35 EAT" duration-ms="300" status="PASS">
          <reporter-output>
          </reporter-output>
        </test-method> <!-- tearDown -->
      </class> <!-- com.OrangeHRM.test.LoginPageTest -->
      <class name="com.OrangeHRM.test.DummyClass">
        <test-method is-config="true" signature="loadConfig()[pri:0, instance:com.OrangeHRM.test.DummyClass@22fcf7ab]" started-at="2026-06-16T16:18:33 EAT" name="loadConfig" finished-at="2026-06-16T16:18:33 EAT" duration-ms="23" status="PASS">
          <reporter-output>
          </reporter-output>
        </test-method> <!-- loadConfig -->
        <test-method is-config="true" signature="setup()[pri:0, instance:com.OrangeHRM.test.DummyClass@22fcf7ab]" started-at="2026-06-16T16:18:33 EAT" name="setup" finished-at="2026-06-16T16:18:53 EAT" duration-ms="19532" status="PASS">
          <reporter-output>
          </reporter-output>
        </test-method> <!-- setup -->
        <test-method signature="dummyTest()[pri:0, instance:com.OrangeHRM.test.DummyClass@22fcf7ab]" started-at="2026-06-16T16:18:53 EAT" name="dummyTest" finished-at="2026-06-16T16:18:53 EAT" duration-ms="50" status="PASS">
          <reporter-output>
          </reporter-output>
        </test-method> <!-- dummyTest -->
        <test-method is-config="true" signature="tearDown()[pri:0, instance:com.OrangeHRM.test.DummyClass@22fcf7ab]" started-at="2026-06-16T16:18:53 EAT" name="tearDown" finished-at="2026-06-16T16:18:53 EAT" duration-ms="244" status="PASS">
          <reporter-output>
          </reporter-output>
        </test-method> <!-- tearDown -->
      </class> <!-- com.OrangeHRM.test.DummyClass -->
    </test> <!-- OrangeHRMTest -->
  </suite> <!-- OrangeHRMSuite -->
</testng-results>
