<?xml version="1.0" encoding="UTF-8"?>
<!-- Generated by org.testng.reporters.JUnitReportReporter -->
<testsuite hostname="DESKTOP-F9NKDCC" failures="0" tests="2" name="com.OrangeHRM.test.LoginPageTest" time="25.348" errors="0" timestamp="2026-05-26T17:12:37 EAT" skipped="0">
  <testcase classname="com.OrangeHRM.test.LoginPageTest" name="invalidLoginTest" time="9.595"/>
  <testcase classname="com.OrangeHRM.test.LoginPageTest" name="verifyValidLoginTest" time="15.753"/>
</testsuite> <!-- com.OrangeHRM.test.LoginPageTest -->
