<?xml version="1.0" encoding="UTF-8"?>
<!-- Generated by org.testng.reporters.JUnitReportReporter -->
<testsuite hostname="DESKTOP-F9NKDCC" failures="0" tests="4" name="com.OrangeHRM.test.ClaimsTest" time="56.122" errors="0" timestamp="2026-07-16T17:34:15 EAT" skipped="0">
  <testcase classname="com.OrangeHRM.test.ClaimsTest" name="verifyClaimSubmittedSuccessfully" time="15.526"/>
  <testcase classname="com.OrangeHRM.test.ClaimsTest" name="verifyClaimFailsWithoutSelectingEvent" time="15.067"/>
  <testcase classname="com.OrangeHRM.test.ClaimsTest" name="verifyClaimFailsWithoutSelectingCurrency" time="14.180"/>
  <testcase classname="com.OrangeHRM.test.ClaimsTest" name="verifyClaimFailsWithAllFieldsEmpty" time="11.349"/>
</testsuite> <!-- com.OrangeHRM.test.ClaimsTest -->
