<?xml version="1.0" encoding="UTF-8"?>
<!-- Generated by org.testng.reporters.JUnitReportReporter -->
<testsuite hostname="DESKTOP-F9NKDCC" failures="0" tests="3" name="com.OrangeHRM.test.AddEmployeeTest" time="172.267" errors="0" timestamp="2026-07-17T11:32:47 EAT" skipped="0">
  <testcase classname="com.OrangeHRM.test.AddEmployeeTest" name="verifyAddEmployeeWithLoginDetails" time="54.234"/>
  <testcase classname="com.OrangeHRM.test.AddEmployeeTest" name="verifyAddEmployeeWithoutLoginDetails" time="60.374"/>
  <testcase classname="com.OrangeHRM.test.AddEmployeeTest" name="verifyUserNameAlreadyExists" time="57.659"/>
</testsuite> <!-- com.OrangeHRM.test.AddEmployeeTest -->
