<?xml version="1.0" encoding="UTF-8"?>
<!-- Generated by org.testng.reporters.JUnitReportReporter -->
<testsuite hostname="DESKTOP-F9NKDCC" failures="0" tests="3" name="com.OrangeHRM.test.AddEmployeeTest" time="156.634" errors="0" timestamp="2026-07-17T06:04:53 EAT" skipped="0">
  <testcase classname="com.OrangeHRM.test.AddEmployeeTest" name="verifyAddEmployeeWithLoginDetails" time="52.990"/>
  <testcase classname="com.OrangeHRM.test.AddEmployeeTest" name="verifyAddEmployeeWithoutLoginDetails" time="52.028"/>
  <testcase classname="com.OrangeHRM.test.AddEmployeeTest" name="verifyUserNameAlreadyExists" time="51.616"/>
</testsuite> <!-- com.OrangeHRM.test.AddEmployeeTest -->
