<?xml version="1.0" encoding="UTF-8"?>
<!-- Generated by org.testng.reporters.JUnitReportReporter -->
<testsuite hostname="DESKTOP-F9NKDCC" failures="0" tests="4" name="com.OrangeHRM.test.ClaimsTest" time="45.334" errors="0" timestamp="2026-07-07T18:13:21 EAT" skipped="0">
  <testcase classname="com.OrangeHRM.test.ClaimsTest" name="verifyClaimSubmittedSuccessfully" time="12.021"/>
  <testcase classname="com.OrangeHRM.test.ClaimsTest" name="verifyClaimFailsWithoutSelectingEvent" time="11.119"/>
  <testcase classname="com.OrangeHRM.test.ClaimsTest" name="verifyClaimFailsWithoutSelectingCurrency" time="11.745"/>
  <testcase classname="com.OrangeHRM.test.ClaimsTest" name="verifyClaimFailsWithAllFieldsEmpty" time="10.449"/>
</testsuite> <!-- com.OrangeHRM.test.ClaimsTest -->
