<?xml version="1.0" encoding="UTF-8"?>
<!-- Generated by org.testng.reporters.JUnitReportReporter -->
<testsuite hostname="DESKTOP-F9NKDCC" failures="0" tests="2" name="com.OrangeHRM.test.HomePageTest" time="22.620" errors="0" timestamp="2026-07-07T18:13:21 EAT" skipped="0">
  <testcase classname="com.OrangeHRM.test.HomePageTest" name="verifyDashboardIsDisplayed" time="9.868"/>
  <testcase classname="com.OrangeHRM.test.HomePageTest" name="verifyDashboardIsDisplayed" time="12.752"/>
</testsuite> <!-- com.OrangeHRM.test.HomePageTest -->
