<?xml version="1.0" encoding="UTF-8"?>
<!-- Generated by org.testng.reporters.JUnitReportReporter -->
<testsuite hostname="DESKTOP-F9NKDCC" failures="0" tests="2" name="com.OrangeHRM.test.HomePageTest" time="53.004" errors="0" timestamp="2026-06-16T16:22:29 EAT" skipped="0">
  <testcase classname="com.OrangeHRM.test.HomePageTest" name="verifyOrangeHRMLogo" time="25.640"/>
  <testcase classname="com.OrangeHRM.test.HomePageTest" name="verifyOrangeHRMLogo" time="27.364"/>
</testsuite> <!-- com.OrangeHRM.test.HomePageTest -->
