<?xml version="1.0" encoding="UTF-8"?>
<!-- Generated by org.testng.reporters.JUnitReportReporter -->
<testsuite hostname="DESKTOP-F9NKDCC" failures="0" tests="2" name="com.OrangeHRM.test.ClaimsAssignmentTest" time="81.290" errors="0" timestamp="2026-07-17T11:32:47 EAT" skipped="0">
  <testcase classname="com.OrangeHRM.test.ClaimsAssignmentTest" name="verifyAdminCanAssignEmployeeClaim" time="68.642"/>
  <testcase classname="com.OrangeHRM.test.ClaimsAssignmentTest" name="verifyNoMatchForNonExistentEmployee" time="12.648"/>
</testsuite> <!-- com.OrangeHRM.test.ClaimsAssignmentTest -->
