<?xml version="1.0" encoding="UTF-8"?>
<!-- Generated by org.testng.reporters.JUnitReportReporter -->
<testsuite hostname="DESKTOP-F9NKDCC" failures="0" tests="2" name="com.OrangeHRM.test.ClaimsAssignmentTest" time="78.264" errors="0" timestamp="2026-07-16T17:34:15 EAT" skipped="0">
  <testcase classname="com.OrangeHRM.test.ClaimsAssignmentTest" name="verifyAdminCanAssignEmployeeClaim" time="66.697"/>
  <testcase classname="com.OrangeHRM.test.ClaimsAssignmentTest" name="verifyNoMatchForNonExistentEmployee" time="11.567"/>
</testsuite> <!-- com.OrangeHRM.test.ClaimsAssignmentTest -->
